/*C1*/SET SCHEMA SYSTEM_LOBS
INSERT INTO BLOCKS VALUES(0,2147483647,0)
COMMIT
/*C2*/SET SCHEMA PUBLIC
DISCONNECT
/*C3*/SET SCHEMA PUBLIC
drop table if exists BankAccount CASCADE 
drop table if exists BankTransaction CASCADE 
drop table if exists User CASCADE 
DISCONNECT
/*C4*/SET SCHEMA PUBLIC
create table BankAccount (id bigint generated by default as identity (start with 1), accountNo varchar(255), active boolean not null, balance double, cardnumber varchar(255), cvv varchar(255), endDate varchar(255), issueNumber varchar(255), name varchar(255), address varchar(255), firstName varchar(255), hashedPassword varchar(255), secondName varchar(255), username varchar(255), sortcode varchar(255), primary key (id))
create table BankTransaction (id bigint generated by default as identity (start with 1), amount double, message varchar(255), status integer, transactionDate timestamp, transactionId varchar(255), fromAccount_id bigint, toAccount_id bigint, primary key (id))
create table User (id bigint generated by default as identity (start with 1), firstName varchar(255), secondName varchar(255), primary key (id))
alter table BankTransaction add constraint FKcuogd20gipmysp6vqyo11490q foreign key (fromAccount_id) references BankAccount
alter table BankTransaction add constraint FKsxh1dsjbac9b866jb4osiwrx7 foreign key (toAccount_id) references BankAccount
DISCONNECT
/*C5*/SET SCHEMA PUBLIC
drop table if exists BankAccount CASCADE 
drop table if exists BankTransaction CASCADE 
drop table if exists User CASCADE 
DISCONNECT
